<?xml version="1.0" encoding="UTF-8"?>
<testsuite name="TestSuite" time="11.227" tests="1" errors="0" skipped="0" failures="1">
  <properties>
[...]
</properties>
  <testcase name="login" classname="com.pom.testcases.FlightTest" time="11.227">
    <failure message="The following asserts failed:&#10;	expected [2] but found [5]" type="java.lang.AssertionError">java.lang.AssertionError: The following asserts failed:
	expected [2] but found [5]
	at org.testng.asserts.SoftAssert.assertAll(SoftAssert.java:47)
	at org.testng.asserts.SoftAssert.assertAll(SoftAssert.java:31)
	at com.pom.testcases.FlightTest.login(FlightTest.java:20)
</failure>
    <system-out><![CDATA[2020_09_16_21:10:56
]]></system-out>
    <system-err><![CDATA[Starting ChromeDriver 83.0.4103.39 (ccbf011cb2d2b19b506d844400483861342c20cd-refs/branch-heads/4103@{#416}) on port 28234
Only local connections are allowed.
Please see https://chromedriver.chromium.org/security-considerations for suggestions on keeping ChromeDriver safe.
ChromeDriver was started successfully.
Sep 16, 2020 9:10:34 PM org.openqa.selenium.remote.ProtocolHandshake createSession
INFO: Detected dialect: W3C
]]></system-err>
  </testcase>
</testsuite>